#
# There is insufficient memory for the Java Runtime Environment to continue.
# Native memory allocation (malloc) failed to allocate 1283856 bytes for Chunk::new
# Possible reasons:
#   The system is out of physical RAM or swap space
#   The process is running with CompressedOops enabled, and the Java Heap may be blocking the growth of the native heap
# Possible solutions:
#   Reduce memory load on the system
#   Increase physical memory or swap space
#   Check if swap backing store is full
#   Decrease Java heap size (-Xmx/-Xms)
#   Decrease number of Java threads
#   Decrease Java thread stack sizes (-Xss)
#   Set larger code cache with -XX:ReservedCodeCacheSize=
#   JVM is running with Unscaled Compressed Oops mode in which the Java heap is
#     placed in the first 4GB address space. The Java Heap base address is the
#     maximum limit for the native heap growth. Please use -XX:HeapBaseMinAddress
#     to set the Java Heap base and to place the Java Heap above 4GB virtual address.
# This output file may be truncated or incomplete.
#
#  Out of Memory Error (c:/BuildAgent/work/5ff2f6c26000d570/src/hotspot/share/memory/arena.cpp:197), pid=13164, tid=20204
#
# JRE version: OpenJDK Runtime Environment (11.0.6+8) (build 11.0.6+8-b520.43)
# Java VM: OpenJDK 64-Bit Server VM (11.0.6+8-b520.43, mixed mode, sharing, tiered, compressed oops, g1 gc, windows-amd64)
# No core dump will be written. Minidumps are not enabled by default on client versions of Windows
#

---------------  S U M M A R Y ------------

Command Line: --add-opens=java.base/java.util=ALL-UNNAMED --add-opens=java.base/java.lang=ALL-UNNAMED --add-opens=java.base/java.lang.invoke=ALL-UNNAMED --add-opens=java.prefs/java.util.prefs=ALL-UNNAMED -XX:MaxMetaspaceSize=256m -XX:+HeapDumpOnOutOfMemoryError -Xmx512m -Dfile.encoding=windows-1251 -Duser.country=RU -Duser.language=ru -Duser.variant org.gradle.launcher.daemon.bootstrap.GradleDaemon 5.2.1

Host: AMD Ryzen 5 2600 Six-Core Processor            , 12 cores, 15G,  Windows 10 , 64 bit Build 19041 (10.0.19041.662)
Time: Sat Jan  2 14:59:05 2021 RTZ 2 (зима) elapsed time: 2 seconds (0d 0h 0m 2s)

---------------  T H R E A D  ---------------

Current thread (0x0000028df7854000):  JavaThread "C2 CompilerThread0" daemon [_thread_in_native, id=20204, stack(0x000000a556600000,0x000000a556700000)]


Current CompileTask:
C2:   2428 2635       4       groovy.lang.MetaClassImpl$1MOPIter::methodNameAction (325 bytes)

Stack: [0x000000a556600000,0x000000a556700000]
Native frames: (J=compiled Java code, j=interpreted, Vv=VM code, C=native code)
V  [jvm.dll+0x5de31a]
V  [jvm.dll+0x710ae5]
V  [jvm.dll+0x712005]
V  [jvm.dll+0x7126b3]
V  [jvm.dll+0x23e3a8]
V  [jvm.dll+0xb8b5c]
V  [jvm.dll+0xb905c]
V  [jvm.dll+0x35000d]
V  [jvm.dll+0x19432c]
V  [jvm.dll+0x1f78ce]
V  [jvm.dll+0x1f6994]
V  [jvm.dll+0x17f76c]
V  [jvm.dll+0x204dd7]
V  [jvm.dll+0x203641]
V  [jvm.dll+0x6da98f]
V  [jvm.dll+0x6d379d]
V  [jvm.dll+0x5dd2e6]
C  [ucrtbase.dll+0x214c2]
C  [KERNEL32.DLL+0x17034]
C  [ntdll.dll+0x4d0d1]


---------------  P R O C E S S  ---------------

Threads class SMR info:
_java_thread_list=0x0000028dfca6c5a0, length=26, elements={
0x0000028ddfb27800, 0x0000028df7831000, 0x0000028df7832000, 0x0000028df7852000,
0x0000028df7853000, 0x0000028df7854000, 0x0000028df7868800, 0x0000028df7870000,
0x0000028df82ce800, 0x0000028df82d0000, 0x0000028df8a04000, 0x0000028df93ec800,
0x0000028df9814000, 0x0000028df8f1f000, 0x0000028df8f20000, 0x0000028df998f000,
0x0000028df9cdf800, 0x0000028df9971800, 0x0000028df98a8000, 0x0000028df98a8800,
0x0000028df8bd3800, 0x0000028df8bd2000, 0x0000028df8bd1000, 0x0000028df8bce000,
0x0000028df8bcf800, 0x0000028df8bd0800
}

Java Threads: ( => current thread )
  0x0000028ddfb27800 JavaThread "main" [_thread_blocked, id=10380, stack(0x000000a555b00000,0x000000a555c00000)]
  0x0000028df7831000 JavaThread "Reference Handler" daemon [_thread_blocked, id=20032, stack(0x000000a556200000,0x000000a556300000)]
  0x0000028df7832000 JavaThread "Finalizer" daemon [_thread_blocked, id=14108, stack(0x000000a556300000,0x000000a556400000)]
  0x0000028df7852000 JavaThread "Signal Dispatcher" daemon [_thread_blocked, id=20412, stack(0x000000a556400000,0x000000a556500000)]
  0x0000028df7853000 JavaThread "Attach Listener" daemon [_thread_blocked, id=4872, stack(0x000000a556500000,0x000000a556600000)]
=>0x0000028df7854000 JavaThread "C2 CompilerThread0" daemon [_thread_in_native, id=20204, stack(0x000000a556600000,0x000000a556700000)]
  0x0000028df7868800 JavaThread "C1 CompilerThread0" daemon [_thread_in_vm, id=20288, stack(0x000000a556700000,0x000000a556800000)]
  0x0000028df7870000 JavaThread "Sweeper thread" daemon [_thread_blocked, id=20044, stack(0x000000a556800000,0x000000a556900000)]
  0x0000028df82ce800 JavaThread "Common-Cleaner" daemon [_thread_blocked, id=20388, stack(0x000000a556900000,0x000000a556a00000)]
  0x0000028df82d0000 JavaThread "Service Thread" daemon [_thread_blocked, id=7300, stack(0x000000a556a00000,0x000000a556b00000)]
  0x0000028df8a04000 JavaThread "C2 CompilerThread1" daemon [_thread_in_vm, id=17364, stack(0x000000a556c00000,0x000000a556d00000)]
  0x0000028df93ec800 JavaThread "Incoming local TCP Connector on port 55799" [_thread_in_native, id=19844, stack(0x000000a557200000,0x000000a557300000)]
  0x0000028df9814000 JavaThread "Daemon periodic checks" [_thread_blocked, id=19848, stack(0x000000a557300000,0x000000a557400000)]
  0x0000028df8f1f000 JavaThread "Daemon" [_thread_blocked, id=18380, stack(0x000000a557400000,0x000000a557500000)]
  0x0000028df8f20000 JavaThread "Handler for socket connection from /127.0.0.1:55799 to /127.0.0.1:55800" [_thread_in_native, id=12664, stack(0x000000a557500000,0x000000a557600000)]
  0x0000028df998f000 JavaThread "Cancel handler" [_thread_blocked, id=19972, stack(0x000000a557600000,0x000000a557700000)]
  0x0000028df9cdf800 JavaThread "Daemon worker" [_thread_in_vm, id=7900, stack(0x000000a557700000,0x000000a557800000)]
  0x0000028df9971800 JavaThread "Asynchronous log dispatcher for DefaultDaemonConnection: socket connection from /127.0.0.1:55799 to /127.0.0.1:55800" [_thread_blocked, id=17184, stack(0x000000a557800000,0x000000a557900000)]
  0x0000028df98a8000 JavaThread "Stdin handler" [_thread_blocked, id=10516, stack(0x000000a557900000,0x000000a557a00000)]
  0x0000028df98a8800 JavaThread "Thread-7" [_thread_blocked, id=6044, stack(0x000000a557a00000,0x000000a557b00000)]
  0x0000028df8bd3800 JavaThread "Cache worker for file hash cache (C:\Users\eve-2\.gradle\caches\5.2.1\fileHashes)" [_thread_blocked, id=4356, stack(0x000000a557b00000,0x000000a557c00000)]
  0x0000028df8bd2000 JavaThread "File lock request listener" [_thread_in_native, id=16516, stack(0x000000a557c00000,0x000000a557d00000)]
  0x0000028df8bd1000 JavaThread "Cache worker for journal cache (C:\Users\eve-2\.gradle\caches\journal-1)" [_thread_blocked, id=13004, stack(0x000000a557d00000,0x000000a557e00000)]
  0x0000028df8bce000 JavaThread "Cache worker for file hash cache (F:\JAVA\SENLA\2\.gradle\5.2.1\fileHashes)" [_thread_blocked, id=2660, stack(0x000000a557e00000,0x000000a557f00000)]
  0x0000028df8bcf800 JavaThread "Cache worker for cache directory md-supplier (C:\Users\eve-2\.gradle\caches\5.2.1\md-supplier)" [_thread_blocked, id=19784, stack(0x000000a558500000,0x000000a558600000)]
  0x0000028df8bd0800 JavaThread "Cache worker for cache directory md-rule (C:\Users\eve-2\.gradle\caches\5.2.1\md-rule)" [_thread_blocked, id=20244, stack(0x000000a558600000,0x000000a558700000)]

Other Threads:
  0x0000028df782f000 VMThread "VM Thread" [stack: 0x000000a556100000,0x000000a556200000] [id=13292]
  0x0000028df82d1800 WatcherThread [stack: 0x000000a556b00000,0x000000a556c00000] [id=18576]
  0x0000028ddfb3f800 GCTaskThread "GC Thread#0" [stack: 0x000000a555c00000,0x000000a555d00000] [id=3720]
  0x0000028df8a53000 GCTaskThread "GC Thread#1" [stack: 0x000000a556d00000,0x000000a556e00000] [id=2632]
  0x0000028df8b60800 GCTaskThread "GC Thread#2" [stack: 0x000000a556e00000,0x000000a556f00000] [id=8344]
  0x0000028df8b61800 GCTaskThread "GC Thread#3" [stack: 0x000000a556f00000,0x000000a557000000] [id=5424]
  0x0000028df8a20000 GCTaskThread "GC Thread#4" [stack: 0x000000a557000000,0x000000a557100000] [id=17428]
  0x0000028df8a21000 GCTaskThread "GC Thread#5" [stack: 0x000000a557100000,0x000000a557200000] [id=20200]
  0x0000028dfc3dc800 GCTaskThread "GC Thread#6" [stack: 0x000000a557f00000,0x000000a558000000] [id=19924]
  0x0000028df9c5b800 GCTaskThread "GC Thread#7" [stack: 0x000000a558000000,0x000000a558100000] [id=19908]
  0x0000028df9d56800 GCTaskThread "GC Thread#8" [stack: 0x000000a558100000,0x000000a558200000] [id=19852]
  0x0000028dfb1b1800 GCTaskThread "GC Thread#9" [stack: 0x000000a558200000,0x000000a558300000] [id=19916]
  0x0000028ddfb51800 ConcurrentGCThread "G1 Main Marker" [stack: 0x000000a555d00000,0x000000a555e00000] [id=8904]
  0x0000028ddfb53000 ConcurrentGCThread "G1 Conc#0" [stack: 0x000000a555e00000,0x000000a555f00000] [id=11348]
  0x0000028dfc3be800 ConcurrentGCThread "G1 Conc#1" [stack: 0x000000a558300000,0x000000a558400000] [id=19912]
  0x0000028df8dbe000 ConcurrentGCThread "G1 Conc#2" [stack: 0x000000a558400000,0x000000a558500000] [id=19920]
  0x0000028ddfc0e800 ConcurrentGCThread "G1 Refine#0" [stack: 0x000000a555f00000,0x000000a556000000] [id=5620]
  0x0000028df76f2800 ConcurrentGCThread "G1 Young RemSet Sampling" [stack: 0x000000a556000000,0x000000a556100000] [id=1120]

Threads with active compile tasks:
C2 CompilerThread0   2451 2635       4       groovy.lang.MetaClassImpl$1MOPIter::methodNameAction (325 bytes)
C1 CompilerThread0   2451 2786       3       java.util.Collections::addAll (43 bytes)

VM state:not at safepoint (normal execution)

VM Mutex/Monitor currently owned by a thread: None

Heap address: 0x00000000e0000000, size: 512 MB, Compressed Oops mode: 32-bit
Narrow klass base: 0x0000000800000000, Narrow klass shift: 3
Compressed class space size: 260046848 Address: 0x0000000840000000

Heap:
 garbage-first heap   total 262144K, used 53983K [0x00000000e0000000, 0x0000000100000000)
  region size 1024K, 38 young (38912K), 3 survivors (3072K)
 Metaspace       used 28138K, capacity 28844K, committed 28976K, reserved 280576K
  class space    used 3887K, capacity 4111K, committed 4224K, reserved 253952K
Heap Regions: E=young(eden), S=young(survivor), O=old, HS=humongous(starts), HC=humongous(continues), CS=collection set, F=free, A=archive, TAMS=top-at-mark-start (previous, next)
|   0|0x00000000e0000000, 0x00000000e0100000, 0x00000000e0100000|100%|HS|  |TAMS 0x00000000e0100000, 0x00000000e0000000| Complete 
|   1|0x00000000e0100000, 0x00000000e0200000, 0x00000000e0200000|100%|HS|  |TAMS 0x00000000e0200000, 0x00000000e0100000| Complete 
|   2|0x00000000e0200000, 0x00000000e0300000, 0x00000000e0300000|100%|HC|  |TAMS 0x00000000e0300000, 0x00000000e0200000| Complete 
|   3|0x00000000e0300000, 0x00000000e0400000, 0x00000000e0400000|100%| O|  |TAMS 0x00000000e0400000, 0x00000000e0300000| Untracked 
|   4|0x00000000e0400000, 0x00000000e0500000, 0x00000000e0500000|100%| O|  |TAMS 0x00000000e047d200, 0x00000000e0400000| Untracked 
|   5|0x00000000e0500000, 0x00000000e0500000, 0x00000000e0600000|  0%| F|  |TAMS 0x00000000e0500000, 0x00000000e0500000| Untracked 
|   6|0x00000000e0600000, 0x00000000e0600000, 0x00000000e0700000|  0%| F|  |TAMS 0x00000000e0600000, 0x00000000e0600000| Untracked 
|   7|0x00000000e0700000, 0x00000000e0700000, 0x00000000e0800000|  0%| F|  |TAMS 0x00000000e0700000, 0x00000000e0700000| Untracked 
|   8|0x00000000e0800000, 0x00000000e0900000, 0x00000000e0900000|100%| O|  |TAMS 0x00000000e0800000, 0x00000000e0800000| Untracked 
|   9|0x00000000e0900000, 0x00000000e0a00000, 0x00000000e0a00000|100%| O|  |TAMS 0x00000000e0900000, 0x00000000e0900000| Untracked 
|  10|0x00000000e0a00000, 0x00000000e0b00000, 0x00000000e0b00000|100%| O|  |TAMS 0x00000000e0a00000, 0x00000000e0a00000| Untracked 
|  11|0x00000000e0b00000, 0x00000000e0c00000, 0x00000000e0c00000|100%| O|  |TAMS 0x00000000e0b00000, 0x00000000e0b00000| Untracked 
|  12|0x00000000e0c00000, 0x00000000e0d00000, 0x00000000e0d00000|100%| O|  |TAMS 0x00000000e0c00000, 0x00000000e0c00000| Untracked 
|  13|0x00000000e0d00000, 0x00000000e0e00000, 0x00000000e0e00000|100%| O|  |TAMS 0x00000000e0d00000, 0x00000000e0d00000| Untracked 
|  14|0x00000000e0e00000, 0x00000000e0f00000, 0x00000000e0f00000|100%| O|  |TAMS 0x00000000e0e00000, 0x00000000e0e00000| Untracked 
|  15|0x00000000e0f00000, 0x00000000e1000000, 0x00000000e1000000|100%| O|  |TAMS 0x00000000e0f00000, 0x00000000e0f00000| Untracked 
|  16|0x00000000e1000000, 0x00000000e1100000, 0x00000000e1100000|100%| O|  |TAMS 0x00000000e1000000, 0x00000000e1000000| Untracked 
|  17|0x00000000e1100000, 0x00000000e1200000, 0x00000000e1200000|100%| O|  |TAMS 0x00000000e1100000, 0x00000000e1100000| Untracked 
|  18|0x00000000e1200000, 0x00000000e1300000, 0x00000000e1300000|100%| O|  |TAMS 0x00000000e1200000, 0x00000000e1200000| Untracked 
|  19|0x00000000e1300000, 0x00000000e13fe400, 0x00000000e1400000| 99%| O|  |TAMS 0x00000000e1300000, 0x00000000e1300000| Untracked 
|  20|0x00000000e1400000, 0x00000000e1400000, 0x00000000e1500000|  0%| F|  |TAMS 0x00000000e1400000, 0x00000000e1400000| Untracked 
|  21|0x00000000e1500000, 0x00000000e1500000, 0x00000000e1600000|  0%| F|  |TAMS 0x00000000e1500000, 0x00000000e1500000| Untracked 
|  22|0x00000000e1600000, 0x00000000e1600000, 0x00000000e1700000|  0%| F|  |TAMS 0x00000000e1600000, 0x00000000e1600000| Untracked 
|  23|0x00000000e1700000, 0x00000000e1700000, 0x00000000e1800000|  0%| F|  |TAMS 0x00000000e1700000, 0x00000000e1700000| Untracked 
|  24|0x00000000e1800000, 0x00000000e1800000, 0x00000000e1900000|  0%| F|  |TAMS 0x00000000e1800000, 0x00000000e1800000| Untracked 
|  25|0x00000000e1900000, 0x00000000e1900000, 0x00000000e1a00000|  0%| F|  |TAMS 0x00000000e1900000, 0x00000000e1900000| Untracked 
|  26|0x00000000e1a00000, 0x00000000e1a00000, 0x00000000e1b00000|  0%| F|  |TAMS 0x00000000e1a00000, 0x00000000e1a00000| Untracked 
|  27|0x00000000e1b00000, 0x00000000e1b00000, 0x00000000e1c00000|  0%| F|  |TAMS 0x00000000e1b00000, 0x00000000e1b00000| Untracked 
|  28|0x00000000e1c00000, 0x00000000e1c00000, 0x00000000e1d00000|  0%| F|  |TAMS 0x00000000e1c00000, 0x00000000e1c00000| Untracked 
|  29|0x00000000e1d00000, 0x00000000e1d00000, 0x00000000e1e00000|  0%| F|  |TAMS 0x00000000e1d00000, 0x00000000e1d00000| Untracked 
|  30|0x00000000e1e00000, 0x00000000e1e00000, 0x00000000e1f00000|  0%| F|  |TAMS 0x00000000e1e00000, 0x00000000e1e00000| Untracked 
|  31|0x00000000e1f00000, 0x00000000e1f00000, 0x00000000e2000000|  0%| F|  |TAMS 0x00000000e1f00000, 0x00000000e1f00000| Untracked 
|  32|0x00000000e2000000, 0x00000000e2000000, 0x00000000e2100000|  0%| F|  |TAMS 0x00000000e2000000, 0x00000000e2000000| Untracked 
|  33|0x00000000e2100000, 0x00000000e2100000, 0x00000000e2200000|  0%| F|  |TAMS 0x00000000e2100000, 0x00000000e2100000| Untracked 
|  34|0x00000000e2200000, 0x00000000e2200000, 0x00000000e2300000|  0%| F|  |TAMS 0x00000000e2200000, 0x00000000e2200000| Untracked 
|  35|0x00000000e2300000, 0x00000000e2300000, 0x00000000e2400000|  0%| F|  |TAMS 0x00000000e2300000, 0x00000000e2300000| Untracked 
|  36|0x00000000e2400000, 0x00000000e2400000, 0x00000000e2500000|  0%| F|  |TAMS 0x00000000e2400000, 0x00000000e2400000| Untracked 
|  37|0x00000000e2500000, 0x00000000e2500000, 0x00000000e2600000|  0%| F|  |TAMS 0x00000000e2500000, 0x00000000e2500000| Untracked 
|  38|0x00000000e2600000, 0x00000000e2600000, 0x00000000e2700000|  0%| F|  |TAMS 0x00000000e2600000, 0x00000000e2600000| Untracked 
|  39|0x00000000e2700000, 0x00000000e2700000, 0x00000000e2800000|  0%| F|  |TAMS 0x00000000e2700000, 0x00000000e2700000| Untracked 
|  40|0x00000000e2800000, 0x00000000e2800000, 0x00000000e2900000|  0%| F|  |TAMS 0x00000000e2800000, 0x00000000e2800000| Untracked 
|  41|0x00000000e2900000, 0x00000000e2900000, 0x00000000e2a00000|  0%| F|  |TAMS 0x00000000e2900000, 0x00000000e2900000| Untracked 
|  42|0x00000000e2a00000, 0x00000000e2a00000, 0x00000000e2b00000|  0%| F|  |TAMS 0x00000000e2a00000, 0x00000000e2a00000| Untracked 
|  43|0x00000000e2b00000, 0x00000000e2b00000, 0x00000000e2c00000|  0%| F|  |TAMS 0x00000000e2b00000, 0x00000000e2b00000| Untracked 
|  44|0x00000000e2c00000, 0x00000000e2c00000, 0x00000000e2d00000|  0%| F|  |TAMS 0x00000000e2c00000, 0x00000000e2c00000| Untracked 
|  45|0x00000000e2d00000, 0x00000000e2d00000, 0x00000000e2e00000|  0%| F|  |TAMS 0x00000000e2d00000, 0x00000000e2d00000| Untracked 
|  46|0x00000000e2e00000, 0x00000000e2e00000, 0x00000000e2f00000|  0%| F|  |TAMS 0x00000000e2e00000, 0x00000000e2e00000| Untracked 
|  47|0x00000000e2f00000, 0x00000000e2f00000, 0x00000000e3000000|  0%| F|  |TAMS 0x00000000e2f00000, 0x00000000e2f00000| Untracked 
|  48|0x00000000e3000000, 0x00000000e3000000, 0x00000000e3100000|  0%| F|  |TAMS 0x00000000e3000000, 0x00000000e3000000| Untracked 
|  49|0x00000000e3100000, 0x00000000e3100000, 0x00000000e3200000|  0%| F|  |TAMS 0x00000000e3100000, 0x00000000e3100000| Untracked 
|  50|0x00000000e3200000, 0x00000000e3200000, 0x00000000e3300000|  0%| F|  |TAMS 0x00000000e3200000, 0x00000000e3200000| Untracked 
|  51|0x00000000e3300000, 0x00000000e3300000, 0x00000000e3400000|  0%| F|  |TAMS 0x00000000e3300000, 0x00000000e3300000| Untracked 
|  52|0x00000000e3400000, 0x00000000e3400000, 0x00000000e3500000|  0%| F|  |TAMS 0x00000000e3400000, 0x00000000e3400000| Untracked 
|  53|0x00000000e3500000, 0x00000000e3500000, 0x00000000e3600000|  0%| F|  |TAMS 0x00000000e3500000, 0x00000000e3500000| Untracked 
|  54|0x00000000e3600000, 0x00000000e3600000, 0x00000000e3700000|  0%| F|  |TAMS 0x00000000e3600000, 0x00000000e3600000| Untracked 
|  55|0x00000000e3700000, 0x00000000e3700000, 0x00000000e3800000|  0%| F|  |TAMS 0x00000000e3700000, 0x00000000e3700000| Untracked 
|  56|0x00000000e3800000, 0x00000000e3800000, 0x00000000e3900000|  0%| F|  |TAMS 0x00000000e3800000, 0x00000000e3800000| Untracked 
|  57|0x00000000e3900000, 0x00000000e3900000, 0x00000000e3a00000|  0%| F|  |TAMS 0x00000000e3900000, 0x00000000e3900000| Untracked 
|  58|0x00000000e3a00000, 0x00000000e3a00000, 0x00000000e3b00000|  0%| F|  |TAMS 0x00000000e3a00000, 0x00000000e3a00000| Untracked 
|  59|0x00000000e3b00000, 0x00000000e3b00000, 0x00000000e3c00000|  0%| F|  |TAMS 0x00000000e3b00000, 0x00000000e3b00000| Untracked 
|  60|0x00000000e3c00000, 0x00000000e3c00000, 0x00000000e3d00000|  0%| F|  |TAMS 0x00000000e3c00000, 0x00000000e3c00000| Untracked 
|  61|0x00000000e3d00000, 0x00000000e3d00000, 0x00000000e3e00000|  0%| F|  |TAMS 0x00000000e3d00000, 0x00000000e3d00000| Untracked 
|  62|0x00000000e3e00000, 0x00000000e3e00000, 0x00000000e3f00000|  0%| F|  |TAMS 0x00000000e3e00000, 0x00000000e3e00000| Untracked 
|  63|0x00000000e3f00000, 0x00000000e3f00000, 0x00000000e4000000|  0%| F|  |TAMS 0x00000000e3f00000, 0x00000000e3f00000| Untracked 
|  64|0x00000000e4000000, 0x00000000e4000000, 0x00000000e4100000|  0%| F|  |TAMS 0x00000000e4000000, 0x00000000e4000000| Untracked 
|  65|0x00000000e4100000, 0x00000000e4100000, 0x00000000e4200000|  0%| F|  |TAMS 0x00000000e4100000, 0x00000000e4100000| Untracked 
|  66|0x00000000e4200000, 0x00000000e4200000, 0x00000000e4300000|  0%| F|  |TAMS 0x00000000e4200000, 0x00000000e4200000| Untracked 
|  67|0x00000000e4300000, 0x00000000e4300000, 0x00000000e4400000|  0%| F|  |TAMS 0x00000000e4300000, 0x00000000e4300000| Untracked 
|  68|0x00000000e4400000, 0x00000000e4400000, 0x00000000e4500000|  0%| F|  |TAMS 0x00000000e4400000, 0x00000000e4400000| Untracked 
|  69|0x00000000e4500000, 0x00000000e4500000, 0x00000000e4600000|  0%| F|  |TAMS 0x00000000e4500000, 0x00000000e4500000| Untracked 
|  70|0x00000000e4600000, 0x00000000e4600000, 0x00000000e4700000|  0%| F|  |TAMS 0x00000000e4600000, 0x00000000e4600000| Untracked 
|  71|0x00000000e4700000, 0x00000000e4700000, 0x00000000e4800000|  0%| F|  |TAMS 0x00000000e4700000, 0x00000000e4700000| Untracked 
|  72|0x00000000e4800000, 0x00000000e4800000, 0x00000000e4900000|  0%| F|  |TAMS 0x00000000e4800000, 0x00000000e4800000| Untracked 
|  73|0x00000000e4900000, 0x00000000e4900000, 0x00000000e4a00000|  0%| F|  |TAMS 0x00000000e4900000, 0x00000000e4900000| Untracked 
|  74|0x00000000e4a00000, 0x00000000e4a00000, 0x00000000e4b00000|  0%| F|  |TAMS 0x00000000e4a00000, 0x00000000e4a00000| Untracked 
|  75|0x00000000e4b00000, 0x00000000e4b00000, 0x00000000e4c00000|  0%| F|  |TAMS 0x00000000e4b00000, 0x00000000e4b00000| Untracked 
|  76|0x00000000e4c00000, 0x00000000e4c00000, 0x00000000e4d00000|  0%| F|  |TAMS 0x00000000e4c00000, 0x00000000e4c00000| Untracked 
|  77|0x00000000e4d00000, 0x00000000e4d00000, 0x00000000e4e00000|  0%| F|  |TAMS 0x00000000e4d00000, 0x00000000e4d00000| Untracked 
|  78|0x00000000e4e00000, 0x00000000e4e00000, 0x00000000e4f00000|  0%| F|  |TAMS 0x00000000e4e00000, 0x00000000e4e00000| Untracked 
|  79|0x00000000e4f00000, 0x00000000e4f00000, 0x00000000e5000000|  0%| F|  |TAMS 0x00000000e4f00000, 0x00000000e4f00000| Untracked 
|  80|0x00000000e5000000, 0x00000000e5000000, 0x00000000e5100000|  0%| F|  |TAMS 0x00000000e5000000, 0x00000000e5000000| Untracked 
|  81|0x00000000e5100000, 0x00000000e5100000, 0x00000000e5200000|  0%| F|  |TAMS 0x00000000e5100000, 0x00000000e5100000| Untracked 
|  82|0x00000000e5200000, 0x00000000e5200000, 0x00000000e5300000|  0%| F|  |TAMS 0x00000000e5200000, 0x00000000e5200000| Untracked 
|  83|0x00000000e5300000, 0x00000000e5300000, 0x00000000e5400000|  0%| F|  |TAMS 0x00000000e5300000, 0x00000000e5300000| Untracked 
|  84|0x00000000e5400000, 0x00000000e5400000, 0x00000000e5500000|  0%| F|  |TAMS 0x00000000e5400000, 0x00000000e5400000| Untracked 
|  85|0x00000000e5500000, 0x00000000e5500000, 0x00000000e5600000|  0%| F|  |TAMS 0x00000000e5500000, 0x00000000e5500000| Untracked 
|  86|0x00000000e5600000, 0x00000000e5600000, 0x00000000e5700000|  0%| F|  |TAMS 0x00000000e5600000, 0x00000000e5600000| Untracked 
|  87|0x00000000e5700000, 0x00000000e5700000, 0x00000000e5800000|  0%| F|  |TAMS 0x00000000e5700000, 0x00000000e5700000| Untracked 
|  88|0x00000000e5800000, 0x00000000e5800000, 0x00000000e5900000|  0%| F|  |TAMS 0x00000000e5800000, 0x00000000e5800000| Untracked 
|  89|0x00000000e5900000, 0x00000000e5900000, 0x00000000e5a00000|  0%| F|  |TAMS 0x00000000e5900000, 0x00000000e5900000| Untracked 
|  90|0x00000000e5a00000, 0x00000000e5a00000, 0x00000000e5b00000|  0%| F|  |TAMS 0x00000000e5a00000, 0x00000000e5a00000| Untracked 
|  91|0x00000000e5b00000, 0x00000000e5b00000, 0x00000000e5c00000|  0%| F|  |TAMS 0x00000000e5b00000, 0x00000000e5b00000| Untracked 
|  92|0x00000000e5c00000, 0x00000000e5c00000, 0x00000000e5d00000|  0%| F|  |TAMS 0x00000000e5c00000, 0x00000000e5c00000| Untracked 
|  93|0x00000000e5d00000, 0x00000000e5d00000, 0x00000000e5e00000|  0%| F|  |TAMS 0x00000000e5d00000, 0x00000000e5d00000| Untracked 
|  94|0x00000000e5e00000, 0x00000000e5e00000, 0x00000000e5f00000|  0%| F|  |TAMS 0x00000000e5e00000, 0x00000000e5e00000| Untracked 
|  95|0x00000000e5f00000, 0x00000000e5f00000, 0x00000000e6000000|  0%| F|  |TAMS 0x00000000e5f00000, 0x00000000e5f00000| Untracked 
|  96|0x00000000e6000000, 0x00000000e6000000, 0x00000000e6100000|  0%| F|  |TAMS 0x00000000e6000000, 0x00000000e6000000| Untracked 
|  97|0x00000000e6100000, 0x00000000e6100000, 0x00000000e6200000|  0%| F|  |TAMS 0x00000000e6100000, 0x00000000e6100000| Untracked 
|  98|0x00000000e6200000, 0x00000000e6200000, 0x00000000e6300000|  0%| F|  |TAMS 0x00000000e6200000, 0x00000000e6200000| Untracked 
|  99|0x00000000e6300000, 0x00000000e6300000, 0x00000000e6400000|  0%| F|  |TAMS 0x00000000e6300000, 0x00000000e6300000| Untracked 
| 100|0x00000000e6400000, 0x00000000e6400000, 0x00000000e6500000|  0%| F|  |TAMS 0x00000000e6400000, 0x00000000e6400000| Untracked 
| 101|0x00000000e6500000, 0x00000000e6500000, 0x00000000e6600000|  0%| F|  |TAMS 0x00000000e6500000, 0x00000000e6500000| Untracked 
| 102|0x00000000e6600000, 0x00000000e6600000, 0x00000000e6700000|  0%| F|  |TAMS 0x00000000e6600000, 0x00000000e6600000| Untracked 
| 103|0x00000000e6700000, 0x00000000e6700000, 0x00000000e6800000|  0%| F|  |TAMS 0x00000000e6700000, 0x00000000e6700000| Untracked 
| 104|0x00000000e6800000, 0x00000000e6800000, 0x00000000e6900000|  0%| F|  |TAMS 0x00000000e6800000, 0x00000000e6800000| Untracked 
| 105|0x00000000e6900000, 0x00000000e6900000, 0x00000000e6a00000|  0%| F|  |TAMS 0x00000000e6900000, 0x00000000e6900000| Untracked 
| 106|0x00000000e6a00000, 0x00000000e6a00000, 0x00000000e6b00000|  0%| F|  |TAMS 0x00000000e6a00000, 0x00000000e6a00000| Untracked 
| 107|0x00000000e6b00000, 0x00000000e6b00000, 0x00000000e6c00000|  0%| F|  |TAMS 0x00000000e6b00000, 0x00000000e6b00000| Untracked 
| 108|0x00000000e6c00000, 0x00000000e6c00000, 0x00000000e6d00000|  0%| F|  |TAMS 0x00000000e6c00000, 0x00000000e6c00000| Untracked 
| 109|0x00000000e6d00000, 0x00000000e6d00000, 0x00000000e6e00000|  0%| F|  |TAMS 0x00000000e6d00000, 0x00000000e6d00000| Untracked 
| 110|0x00000000e6e00000, 0x00000000e6e00000, 0x00000000e6f00000|  0%| F|  |TAMS 0x00000000e6e00000, 0x00000000e6e00000| Untracked 
| 111|0x00000000e6f00000, 0x00000000e6f00000, 0x00000000e7000000|  0%| F|  |TAMS 0x00000000e6f00000, 0x00000000e6f00000| Untracked 
| 112|0x00000000e7000000, 0x00000000e7000000, 0x00000000e7100000|  0%| F|  |TAMS 0x00000000e7000000, 0x00000000e7000000| Untracked 
| 113|0x00000000e7100000, 0x00000000e7100000, 0x00000000e7200000|  0%| F|  |TAMS 0x00000000e7100000, 0x00000000e7100000| Untracked 
| 114|0x00000000e7200000, 0x00000000e7200000, 0x00000000e7300000|  0%| F|  |TAMS 0x00000000e7200000, 0x00000000e7200000| Untracked 
| 115|0x00000000e7300000, 0x00000000e7300000, 0x00000000e7400000|  0%| F|  |TAMS 0x00000000e7300000, 0x00000000e7300000| Untracked 
| 116|0x00000000e7400000, 0x00000000e7400000, 0x00000000e7500000|  0%| F|  |TAMS 0x00000000e7400000, 0x00000000e7400000| Untracked 
| 117|0x00000000e7500000, 0x00000000e7500000, 0x00000000e7600000|  0%| F|  |TAMS 0x00000000e7500000, 0x00000000e7500000| Untracked 
| 118|0x00000000e7600000, 0x00000000e7600000, 0x00000000e7700000|  0%| F|  |TAMS 0x00000000e7600000, 0x00000000e7600000| Untracked 
| 119|0x00000000e7700000, 0x00000000e7700000, 0x00000000e7800000|  0%| F|  |TAMS 0x00000000e7700000, 0x00000000e7700000| Untracked 
| 120|0x00000000e7800000, 0x00000000e7800000, 0x00000000e7900000|  0%| F|  |TAMS 0x00000000e7800000, 0x00000000e7800000| Untracked 
| 121|0x00000000e7900000, 0x00000000e7900000, 0x00000000e7a00000|  0%| F|  |TAMS 0x00000000e7900000, 0x00000000e7900000| Untracked 
| 122|0x00000000e7a00000, 0x00000000e7a00000, 0x00000000e7b00000|  0%| F|  |TAMS 0x00000000e7a00000, 0x00000000e7a00000| Untracked 
| 123|0x00000000e7b00000, 0x00000000e7b00000, 0x00000000e7c00000|  0%| F|  |TAMS 0x00000000e7b00000, 0x00000000e7b00000| Untracked 
| 124|0x00000000e7c00000, 0x00000000e7c00000, 0x00000000e7d00000|  0%| F|  |TAMS 0x00000000e7c00000, 0x00000000e7c00000| Untracked 
| 125|0x00000000e7d00000, 0x00000000e7d00000, 0x00000000e7e00000|  0%| F|  |TAMS 0x00000000e7d00000, 0x00000000e7d00000| Untracked 
| 126|0x00000000e7e00000, 0x00000000e7e00000, 0x00000000e7f00000|  0%| F|  |TAMS 0x00000000e7e00000, 0x00000000e7e00000| Untracked 
| 127|0x00000000e7f00000, 0x00000000e7f00000, 0x00000000e8000000|  0%| F|  |TAMS 0x00000000e7f00000, 0x00000000e7f00000| Untracked 
| 128|0x00000000e8000000, 0x00000000e8000000, 0x00000000e8100000|  0%| F|  |TAMS 0x00000000e8000000, 0x00000000e8000000| Untracked 
| 129|0x00000000e8100000, 0x00000000e8100000, 0x00000000e8200000|  0%| F|  |TAMS 0x00000000e8100000, 0x00000000e8100000| Untracked 
| 130|0x00000000e8200000, 0x00000000e8200000, 0x00000000e8300000|  0%| F|  |TAMS 0x00000000e8200000, 0x00000000e8200000| Untracked 
| 131|0x00000000e8300000, 0x00000000e8300000, 0x00000000e8400000|  0%| F|  |TAMS 0x00000000e8300000, 0x00000000e8300000| Untracked 
| 132|0x00000000e8400000, 0x00000000e8400000, 0x00000000e8500000|  0%| F|  |TAMS 0x00000000e8400000, 0x00000000e8400000| Untracked 
| 133|0x00000000e8500000, 0x00000000e8500000, 0x00000000e8600000|  0%| F|  |TAMS 0x00000000e8500000, 0x00000000e8500000| Untracked 
| 134|0x00000000e8600000, 0x00000000e8600000, 0x00000000e8700000|  0%| F|  |TAMS 0x00000000e8600000, 0x00000000e8600000| Untracked 
| 135|0x00000000e8700000, 0x00000000e8700000, 0x00000000e8800000|  0%| F|  |TAMS 0x00000000e8700000, 0x00000000e8700000| Untracked 
| 136|0x00000000e8800000, 0x00000000e8800000, 0x00000000e8900000|  0%| F|  |TAMS 0x00000000e8800000, 0x00000000e8800000| Untracked 
| 137|0x00000000e8900000, 0x00000000e8900000, 0x00000000e8a00000|  0%| F|  |TAMS 0x00000000e8900000, 0x00000000e8900000| Untracked 
| 138|0x00000000e8a00000, 0x00000000e8a00000, 0x00000000e8b00000|  0%| F|  |TAMS 0x00000000e8a00000, 0x00000000e8a00000| Untracked 
| 139|0x00000000e8b00000, 0x00000000e8b00000, 0x00000000e8c00000|  0%| F|  |TAMS 0x00000000e8b00000, 0x00000000e8b00000| Untracked 
| 140|0x00000000e8c00000, 0x00000000e8c00000, 0x00000000e8d00000|  0%| F|  |TAMS 0x00000000e8c00000, 0x00000000e8c00000| Untracked 
| 141|0x00000000e8d00000, 0x00000000e8d00000, 0x00000000e8e00000|  0%| F|  |TAMS 0x00000000e8d00000, 0x00000000e8d00000| Untracked 
| 142|0x00000000e8e00000, 0x00000000e8e00000, 0x00000000e8f00000|  0%| F|  |TAMS 0x00000000e8e00000, 0x00000000e8e00000| Untracked 
| 143|0x00000000e8f00000, 0x00000000e8f00000, 0x00000000e9000000|  0%| F|  |TAMS 0x00000000e8f00000, 0x00000000e8f00000| Untracked 
| 144|0x00000000e9000000, 0x00000000e9000000, 0x00000000e9100000|  0%| F|  |TAMS 0x00000000e9000000, 0x00000000e9000000| Untracked 
| 145|0x00000000e9100000, 0x00000000e9100000, 0x00000000e9200000|  0%| F|  |TAMS 0x00000000e9100000, 0x00000000e9100000| Untracked 
| 146|0x00000000e9200000, 0x00000000e9200000, 0x00000000e9300000|  0%| F|  |TAMS 0x00000000e9200000, 0x00000000e9200000| Untracked 
| 147|0x00000000e9300000, 0x00000000e9300000, 0x00000000e9400000|  0%| F|  |TAMS 0x00000000e9300000, 0x00000000e9300000| Untracked 
| 148|0x00000000e9400000, 0x00000000e9400000, 0x00000000e9500000|  0%| F|  |TAMS 0x00000000e9400000, 0x00000000e9400000| Untracked 
| 149|0x00000000e9500000, 0x00000000e9500000, 0x00000000e9600000|  0%| F|  |TAMS 0x00000000e9500000, 0x00000000e9500000| Untracked 
| 150|0x00000000e9600000, 0x00000000e9600000, 0x00000000e9700000|  0%| F|  |TAMS 0x00000000e9600000, 0x00000000e9600000| Untracked 
| 151|0x00000000e9700000, 0x00000000e9700000, 0x00000000e9800000|  0%| F|  |TAMS 0x00000000e9700000, 0x00000000e9700000| Untracked 
| 152|0x00000000e9800000, 0x00000000e9800000, 0x00000000e9900000|  0%| F|  |TAMS 0x00000000e9800000, 0x00000000e9800000| Untracked 
| 153|0x00000000e9900000, 0x00000000e9900000, 0x00000000e9a00000|  0%| F|  |TAMS 0x00000000e9900000, 0x00000000e9900000| Untracked 
| 154|0x00000000e9a00000, 0x00000000e9a00000, 0x00000000e9b00000|  0%| F|  |TAMS 0x00000000e9a00000, 0x00000000e9a00000| Untracked 
| 155|0x00000000e9b00000, 0x00000000e9b00000, 0x00000000e9c00000|  0%| F|  |TAMS 0x00000000e9b00000, 0x00000000e9b00000| Untracked 
| 156|0x00000000e9c00000, 0x00000000e9c00000, 0x00000000e9d00000|  0%| F|  |TAMS 0x00000000e9c00000, 0x00000000e9c00000| Untracked 
| 157|0x00000000e9d00000, 0x00000000e9d00000, 0x00000000e9e00000|  0%| F|  |TAMS 0x00000000e9d00000, 0x00000000e9d00000| Untracked 
| 158|0x00000000e9e00000, 0x00000000e9e00000, 0x00000000e9f00000|  0%| F|  |TAMS 0x00000000e9e00000, 0x00000000e9e00000| Untracked 
| 159|0x00000000e9f00000, 0x00000000e9f00000, 0x00000000ea000000|  0%| F|  |TAMS 0x00000000e9f00000, 0x00000000e9f00000| Untracked 
| 160|0x00000000ea000000, 0x00000000ea000000, 0x00000000ea100000|  0%| F|  |TAMS 0x00000000ea000000, 0x00000000ea000000| Untracked 
| 161|0x00000000ea100000, 0x00000000ea100000, 0x00000000ea200000|  0%| F|  |TAMS 0x00000000ea100000, 0x00000000ea100000| Untracked 
| 162|0x00000000ea200000, 0x00000000ea200000, 0x00000000ea300000|  0%| F|  |TAMS 0x00000000ea200000, 0x00000000ea200000| Untracked 
| 163|0x00000000ea300000, 0x00000000ea300000, 0x00000000ea400000|  0%| F|  |TAMS 0x00000000ea300000, 0x00000000ea300000| Untracked 
| 164|0x00000000ea400000, 0x00000000ea400000, 0x00000000ea500000|  0%| F|  |TAMS 0x00000000ea400000, 0x00000000ea400000| Untracked 
| 165|0x00000000ea500000, 0x00000000ea500000, 0x00000000ea600000|  0%| F|  |TAMS 0x00000000ea500000, 0x00000000ea500000| Untracked 
| 166|0x00000000ea600000, 0x00000000ea600000, 0x00000000ea700000|  0%| F|  |TAMS 0x00000000ea600000, 0x00000000ea600000| Untracked 
| 167|0x00000000ea700000, 0x00000000ea700000, 0x00000000ea800000|  0%| F|  |TAMS 0x00000000ea700000, 0x00000000ea700000| Untracked 
| 168|0x00000000ea800000, 0x00000000ea800000, 0x00000000ea900000|  0%| F|  |TAMS 0x00000000ea800000, 0x00000000ea800000| Untracked 
| 169|0x00000000ea900000, 0x00000000ea900000, 0x00000000eaa00000|  0%| F|  |TAMS 0x00000000ea900000, 0x00000000ea900000| Untracked 
| 170|0x00000000eaa00000, 0x00000000eaa00000, 0x00000000eab00000|  0%| F|  |TAMS 0x00000000eaa00000, 0x00000000eaa00000| Untracked 
| 171|0x00000000eab00000, 0x00000000eab00000, 0x00000000eac00000|  0%| F|  |TAMS 0x00000000eab00000, 0x00000000eab00000| Untracked 
| 172|0x00000000eac00000, 0x00000000eac00000, 0x00000000ead00000|  0%| F|  |TAMS 0x00000000eac00000, 0x00000000eac00000| Untracked 
| 173|0x00000000ead00000, 0x00000000ead00000, 0x00000000eae00000|  0%| F|  |TAMS 0x00000000ead00000, 0x00000000ead00000| Untracked 
| 174|0x00000000eae00000, 0x00000000eae00000, 0x00000000eaf00000|  0%| F|  |TAMS 0x00000000eae00000, 0x00000000eae00000| Untracked 
| 175|0x00000000eaf00000, 0x00000000eaf00000, 0x00000000eb000000|  0%| F|  |TAMS 0x00000000eaf00000, 0x00000000eaf00000| Untracked 
| 176|0x00000000eb000000, 0x00000000eb000000, 0x00000000eb100000|  0%| F|  |TAMS 0x00000000eb000000, 0x00000000eb000000| Untracked 
| 177|0x00000000eb100000, 0x00000000eb100000, 0x00000000eb200000|  0%| F|  |TAMS 0x00000000eb100000, 0x00000000eb100000| Untracked 
| 178|0x00000000eb200000, 0x00000000eb200000, 0x00000000eb300000|  0%| F|  |TAMS 0x00000000eb200000, 0x00000000eb200000| Untracked 
| 179|0x00000000eb300000, 0x00000000eb300000, 0x00000000eb400000|  0%| F|  |TAMS 0x00000000eb300000, 0x00000000eb300000| Untracked 
| 180|0x00000000eb400000, 0x00000000eb400000, 0x00000000eb500000|  0%| F|  |TAMS 0x00000000eb400000, 0x00000000eb400000| Untracked 
| 181|0x00000000eb500000, 0x00000000eb500000, 0x00000000eb600000|  0%| F|  |TAMS 0x00000000eb500000, 0x00000000eb500000| Untracked 
| 182|0x00000000eb600000, 0x00000000eb600000, 0x00000000eb700000|  0%| F|  |TAMS 0x00000000eb600000, 0x00000000eb600000| Untracked 
| 183|0x00000000eb700000, 0x00000000eb700000, 0x00000000eb800000|  0%| F|  |TAMS 0x00000000eb700000, 0x00000000eb700000| Untracked 
| 184|0x00000000eb800000, 0x00000000eb800000, 0x00000000eb900000|  0%| F|  |TAMS 0x00000000eb800000, 0x00000000eb800000| Untracked 
| 185|0x00000000eb900000, 0x00000000eb900000, 0x00000000eba00000|  0%| F|  |TAMS 0x00000000eb900000, 0x00000000eb900000| Untracked 
| 186|0x00000000eba00000, 0x00000000eba00000, 0x00000000ebb00000|  0%| F|  |TAMS 0x00000000eba00000, 0x00000000eba00000| Untracked 
| 187|0x00000000ebb00000, 0x00000000ebb00000, 0x00000000ebc00000|  0%| F|  |TAMS 0x00000000ebb00000, 0x00000000ebb00000| Untracked 
| 188|0x00000000ebc00000, 0x00000000ebc00000, 0x00000000ebd00000|  0%| F|  |TAMS 0x00000000ebc00000, 0x00000000ebc00000| Untracked 
| 189|0x00000000ebd00000, 0x00000000ebd00000, 0x00000000ebe00000|  0%| F|  |TAMS 0x00000000ebd00000, 0x00000000ebd00000| Untracked 
| 190|0x00000000ebe00000, 0x00000000ebe00000, 0x00000000ebf00000|  0%| F|  |TAMS 0x00000000ebe00000, 0x00000000ebe00000| Untracked 
| 191|0x00000000ebf00000, 0x00000000ebf00000, 0x00000000ec000000|  0%| F|  |TAMS 0x00000000ebf00000, 0x00000000ebf00000| Untracked 
| 192|0x00000000ec000000, 0x00000000ec000000, 0x00000000ec100000|  0%| F|  |TAMS 0x00000000ec000000, 0x00000000ec000000| Untracked 
| 193|0x00000000ec100000, 0x00000000ec100000, 0x00000000ec200000|  0%| F|  |TAMS 0x00000000ec100000, 0x00000000ec100000| Untracked 
| 194|0x00000000ec200000, 0x00000000ec200000, 0x00000000ec300000|  0%| F|  |TAMS 0x00000000ec200000, 0x00000000ec200000| Untracked 
| 195|0x00000000ec300000, 0x00000000ec300000, 0x00000000ec400000|  0%| F|  |TAMS 0x00000000ec300000, 0x00000000ec300000| Untracked 
| 196|0x00000000ec400000, 0x00000000ec400000, 0x00000000ec500000|  0%| F|  |TAMS 0x00000000ec400000, 0x00000000ec400000| Untracked 
| 197|0x00000000ec500000, 0x00000000ec500000, 0x00000000ec600000|  0%| F|  |TAMS 0x00000000ec500000, 0x00000000ec500000| Untracked 
| 198|0x00000000ec600000, 0x00000000ec600000, 0x00000000ec700000|  0%| F|  |TAMS 0x00000000ec600000, 0x00000000ec600000| Untracked 
| 199|0x00000000ec700000, 0x00000000ec700000, 0x00000000ec800000|  0%| F|  |TAMS 0x00000000ec700000, 0x00000000ec700000| Untracked 
| 200|0x00000000ec800000, 0x00000000ec800000, 0x00000000ec900000|  0%| F|  |TAMS 0x00000000ec800000, 0x00000000ec800000| Untracked 
| 201|0x00000000ec900000, 0x00000000ec900000, 0x00000000eca00000|  0%| F|  |TAMS 0x00000000ec900000, 0x00000000ec900000| Untracked 
| 202|0x00000000eca00000, 0x00000000eca00000, 0x00000000ecb00000|  0%| F|  |TAMS 0x00000000eca00000, 0x00000000eca00000| Untracked 
| 203|0x00000000ecb00000, 0x00000000ecb00000, 0x00000000ecc00000|  0%| F|  |TAMS 0x00000000ecb00000, 0x00000000ecb00000| Untracked 
| 204|0x00000000ecc00000, 0x00000000ecc00000, 0x00000000ecd00000|  0%| F|  |TAMS 0x00000000ecc00000, 0x00000000ecc00000| Untracked 
| 205|0x00000000ecd00000, 0x00000000ecd00000, 0x00000000ece00000|  0%| F|  |TAMS 0x00000000ecd00000, 0x00000000ecd00000| Untracked 
| 206|0x00000000ece00000, 0x00000000ece00000, 0x00000000ecf00000|  0%| F|  |TAMS 0x00000000ece00000, 0x00000000ece00000| Untracked 
| 207|0x00000000ecf00000, 0x00000000ecf00000, 0x00000000ed000000|  0%| F|  |TAMS 0x00000000ecf00000, 0x00000000ecf00000| Untracked 
| 208|0x00000000ed000000, 0x00000000ed000000, 0x00000000ed100000|  0%| F|  |TAMS 0x00000000ed000000, 0x00000000ed000000| Untracked 
| 209|0x00000000ed100000, 0x00000000ed100000, 0x00000000ed200000|  0%| F|  |TAMS 0x00000000ed100000, 0x00000000ed100000| Untracked 
| 210|0x00000000ed200000, 0x00000000ed200000, 0x00000000ed300000|  0%| F|  |TAMS 0x00000000ed200000, 0x00000000ed200000| Untracked 
| 211|0x00000000ed300000, 0x00000000ed300000, 0x00000000ed400000|  0%| F|  |TAMS 0x00000000ed300000, 0x00000000ed300000| Untracked 
| 212|0x00000000ed400000, 0x00000000ed400000, 0x00000000ed500000|  0%| F|  |TAMS 0x00000000ed400000, 0x00000000ed400000| Untracked 
| 213|0x00000000ed500000, 0x00000000ed500000, 0x00000000ed600000|  0%| F|  |TAMS 0x00000000ed500000, 0x00000000ed500000| Untracked 
| 214|0x00000000ed600000, 0x00000000ed600000, 0x00000000ed700000|  0%| F|  |TAMS 0x00000000ed600000, 0x00000000ed600000| Untracked 
| 215|0x00000000ed700000, 0x00000000ed700000, 0x00000000ed800000|  0%| F|  |TAMS 0x00000000ed700000, 0x00000000ed700000| Untracked 
| 216|0x00000000ed800000, 0x00000000ed800000, 0x00000000ed900000|  0%| F|  |TAMS 0x00000000ed800000, 0x00000000ed800000| Untracked 
| 217|0x00000000ed900000, 0x00000000ed900000, 0x00000000eda00000|  0%| F|  |TAMS 0x00000000ed900000, 0x00000000ed900000| Untracked 
| 218|0x00000000eda00000, 0x00000000edb00000, 0x00000000edb00000|100%| E|  |TAMS 0x00000000eda00000, 0x00000000eda00000| Complete 
| 219|0x00000000edb00000, 0x00000000edc00000, 0x00000000edc00000|100%| E|CS|TAMS 0x00000000edb00000, 0x00000000edb00000| Complete 
| 220|0x00000000edc00000, 0x00000000edd00000, 0x00000000edd00000|100%| E|CS|TAMS 0x00000000edc00000, 0x00000000edc00000| Complete 
| 221|0x00000000edd00000, 0x00000000ede00000, 0x00000000ede00000|100%| E|CS|TAMS 0x00000000edd00000, 0x00000000edd00000| Complete 
| 222|0x00000000ede00000, 0x00000000edf00000, 0x00000000edf00000|100%| E|CS|TAMS 0x00000000ede00000, 0x00000000ede00000| Complete 
| 223|0x00000000edf00000, 0x00000000ee000000, 0x00000000ee000000|100%| E|CS|TAMS 0x00000000edf00000, 0x00000000edf00000| Complete 
| 224|0x00000000ee000000, 0x00000000ee100000, 0x00000000ee100000|100%| E|CS|TAMS 0x00000000ee000000, 0x00000000ee000000| Complete 
| 225|0x00000000ee100000, 0x00000000ee1b9a30, 0x00000000ee200000| 72%| S|CS|TAMS 0x00000000ee100000, 0x00000000ee100000| Complete 
| 226|0x00000000ee200000, 0x00000000ee300000, 0x00000000ee300000|100%| S|CS|TAMS 0x00000000ee200000, 0x00000000ee200000| Complete 
| 227|0x00000000ee300000, 0x00000000ee400000, 0x00000000ee400000|100%| S|CS|TAMS 0x00000000ee300000, 0x00000000ee300000| Complete 
| 228|0x00000000ee400000, 0x00000000ee500000, 0x00000000ee500000|100%| E|CS|TAMS 0x00000000ee400000, 0x00000000ee400000| Complete 
| 229|0x00000000ee500000, 0x00000000ee600000, 0x00000000ee600000|100%| E|CS|TAMS 0x00000000ee500000, 0x00000000ee500000| Complete 
| 230|0x00000000ee600000, 0x00000000ee700000, 0x00000000ee700000|100%| E|CS|TAMS 0x00000000ee600000, 0x00000000ee600000| Complete 
| 231|0x00000000ee700000, 0x00000000ee800000, 0x00000000ee800000|100%| E|CS|TAMS 0x00000000ee700000, 0x00000000ee700000| Complete 
| 232|0x00000000ee800000, 0x00000000ee900000, 0x00000000ee900000|100%| E|CS|TAMS 0x00000000ee800000, 0x00000000ee800000| Complete 
| 233|0x00000000ee900000, 0x00000000eea00000, 0x00000000eea00000|100%| E|CS|TAMS 0x00000000ee900000, 0x00000000ee900000| Complete 
| 234|0x00000000eea00000, 0x00000000eeb00000, 0x00000000eeb00000|100%| E|CS|TAMS 0x00000000eea00000, 0x00000000eea00000| Complete 
| 235|0x00000000eeb00000, 0x00000000eec00000, 0x00000000eec00000|100%| E|CS|TAMS 0x00000000eeb00000, 0x00000000eeb00000| Complete 
| 236|0x00000000eec00000, 0x00000000eed00000, 0x00000000eed00000|100%| E|CS|TAMS 0x00000000eec00000, 0x00000000eec00000| Complete 
| 237|0x00000000eed00000, 0x00000000eee00000, 0x00000000eee00000|100%| E|CS|TAMS 0x00000000eed00000, 0x00000000eed00000| Complete 
| 238|0x00000000eee00000, 0x00000000eef00000, 0x00000000eef00000|100%| E|CS|TAMS 0x00000000eee00000, 0x00000000eee00000| Complete 
| 239|0x00000000eef00000, 0x00000000ef000000, 0x00000000ef000000|100%| E|CS|TAMS 0x00000000eef00000, 0x00000000eef00000| Complete 
| 240|0x00000000ef000000, 0x00000000ef100000, 0x00000000ef100000|100%| E|CS|TAMS 0x00000000ef000000, 0x00000000ef000000| Complete 
| 241|0x00000000ef100000, 0x00000000ef200000, 0x00000000ef200000|100%| E|CS|TAMS 0x00000000ef100000, 0x00000000ef100000| Complete 
| 242|0x00000000ef200000, 0x00000000ef300000, 0x00000000ef300000|100%| E|CS|TAMS 0x00000000ef200000, 0x00000000ef200000| Complete 
| 243|0x00000000ef300000, 0x00000000ef400000, 0x00000000ef400000|100%| E|CS|TAMS 0x00000000ef300000, 0x00000000ef300000| Complete 
| 244|0x00000000ef400000, 0x00000000ef500000, 0x00000000ef500000|100%| E|  |TAMS 0x00000000ef400000, 0x00000000ef400000| Complete 
| 245|0x00000000ef500000, 0x00000000ef600000, 0x00000000ef600000|100%| E|CS|TAMS 0x00000000ef500000, 0x00000000ef500000| Complete 
| 246|0x00000000ef600000, 0x00000000ef700000, 0x00000000ef700000|100%| E|CS|TAMS 0x00000000ef600000, 0x00000000ef600000| Complete 
| 247|0x00000000ef700000, 0x00000000ef800000, 0x00000000ef800000|100%| E|CS|TAMS 0x00000000ef700000, 0x00000000ef700000| Complete 
| 248|0x00000000ef800000, 0x00000000ef900000, 0x00000000ef900000|100%| E|CS|TAMS 0x00000000ef800000, 0x00000000ef800000| Complete 
| 249|0x00000000ef900000, 0x00000000efa00000, 0x00000000efa00000|100%| E|CS|TAMS 0x00000000ef900000, 0x00000000ef900000| Complete 
| 250|0x00000000efa00000, 0x00000000efb00000, 0x00000000efb00000|100%| E|CS|TAMS 0x00000000efa00000, 0x00000000efa00000| Complete 
| 251|0x00000000efb00000, 0x00000000efc00000, 0x00000000efc00000|100%| E|CS|TAMS 0x00000000efb00000, 0x00000000efb00000| Complete 
| 252|0x00000000efc00000, 0x00000000efd00000, 0x00000000efd00000|100%| E|CS|TAMS 0x00000000efc00000, 0x00000000efc00000| Complete 
| 253|0x00000000efd00000, 0x00000000efe00000, 0x00000000efe00000|100%| E|CS|TAMS 0x00000000efd00000, 0x00000000efd00000| Complete 
| 254|0x00000000efe00000, 0x00000000eff00000, 0x00000000eff00000|100%| E|CS|TAMS 0x00000000efe00000, 0x00000000efe00000| Complete 
| 255|0x00000000eff00000, 0x00000000f0000000, 0x00000000f0000000|100%| E|CS|TAMS 0x00000000eff00000, 0x00000000eff00000| Complete 

Card table byte_map: [0x0000028df39c0000,0x0000028df3ac0000] _byte_map_base: 0x0000028df32c0000

Marking Bits (Prev, Next): (CMBitMap*) 0x0000028ddfb4ebd0, (CMBitMap*) 0x0000028ddfb4eb98
 Prev Bits: [0x0000028df43c0000, 0x0000028df4bc0000)
 Next Bits: [0x0000028df3bc0000, 0x0000028df43c0000)

Polling page: 0x0000028dde170000

Metaspace:

Usage:
  Non-class:     24.22 MB capacity,    23.77 MB ( 98%) used,   408.02 KB (  2%) free+waste,    44.75 KB ( <1%) overhead. 
      Class:      4.05 MB capacity,     3.81 MB ( 94%) used,   218.32 KB (  5%) free+waste,    22.06 KB ( <1%) overhead. 
       Both:     28.26 MB capacity,    27.58 MB ( 98%) used,   626.34 KB (  2%) free+waste,    66.81 KB ( <1%) overhead. 

Virtual space:
  Non-class space:       26.00 MB reserved,      24.42 MB ( 94%) committed 
      Class space:      248.00 MB reserved,       4.13 MB (  2%) committed 
             Both:      274.00 MB reserved,      28.55 MB ( 10%) committed 

Chunk freelists:
   Non-Class:  19.00 KB
       Class:  17.00 KB
        Both:  36.00 KB

MaxMetaspaceSize: 256.00 MB
CompressedClassSpaceSize: 248.00 MB

CodeHeap 'non-profiled nmethods': size=120000Kb used=1288Kb max_used=1288Kb free=118711Kb
 bounds [0x0000028deb6e0000, 0x0000028deb950000, 0x0000028df2c10000]
CodeHeap 'profiled nmethods': size=120000Kb used=5685Kb max_used=5685Kb free=114314Kb
 bounds [0x0000028de41b0000, 0x0000028de4750000, 0x0000028deb6e0000]
CodeHeap 'non-nmethods': size=5760Kb used=2211Kb max_used=2247Kb free=3548Kb
 bounds [0x0000028de3c10000, 0x0000028de3e80000, 0x0000028de41b0000]
 total_blobs=4527 nmethods=2572 adapters=670
 compilation: enabled
              stopped_count=0, restarted_count=0
 full_count=0

Compilation events (20 events):
Event: 2.395 Thread 0x0000028df7868800 nmethod 2755 0x0000028deb81db10 code [0x0000028deb81dcc0, 0x0000028deb81ddf8]
Event: 2.396 Thread 0x0000028df7868800 2756       3       org.gradle.internal.time.MonotonicClock::getCurrentTime (70 bytes)
Event: 2.397 Thread 0x0000028df7868800 nmethod 2756 0x0000028de472b210 code [0x0000028de472b460, 0x0000028de472bd80]
Event: 2.397 Thread 0x0000028df7868800 2757       3       org.gradle.internal.time.MonotonicClock::syncIsDue (28 bytes)
Event: 2.397 Thread 0x0000028df7868800 nmethod 2757 0x0000028de472c210 code [0x0000028de472c3c0, 0x0000028de472c678]
Event: 2.397 Thread 0x0000028df8a04000 2758       4       java.util.HashMap::get (23 bytes)
Event: 2.400 Thread 0x0000028df8a04000 nmethod 2758 0x0000028deb81de90 code [0x0000028deb81e040, 0x0000028deb81e318]
Event: 2.401 Thread 0x0000028df7868800 2759       1       com.google.common.base.Suppliers$SupplierOfInstance::get (5 bytes)
Event: 2.401 Thread 0x0000028df7868800 nmethod 2759 0x0000028deb81e510 code [0x0000028deb81e6c0, 0x0000028deb81e7f8]
Event: 2.402 Thread 0x0000028df7868800 2760       3       java.util.Collections::emptyIterator (4 bytes)
Event: 2.402 Thread 0x0000028df7868800 nmethod 2760 0x0000028de472c790 code [0x0000028de472c940, 0x0000028de472ca98]
Event: 2.405 Thread 0x0000028df7868800 2761       3       java.util.concurrent.ConcurrentHashMap::<init> (5 bytes)
Event: 2.405 Thread 0x0000028df7868800 nmethod 2761 0x0000028de472cb10 code [0x0000028de472ccc0, 0x0000028de472cef8]
Event: 2.407 Thread 0x0000028df8a04000 2762       4       java.util.ArrayDeque::addLast (51 bytes)
Event: 2.407 Thread 0x0000028df7868800 2763       3       java.lang.reflect.Method::acquireMethodAccessor (44 bytes)
Event: 2.408 Thread 0x0000028df7868800 nmethod 2763 0x0000028de472d010 code [0x0000028de472d200, 0x0000028de472d760]
Event: 2.409 Thread 0x0000028df8a04000 nmethod 2762 0x0000028deb81e890 code [0x0000028deb81ea20, 0x0000028deb81ec38]
Event: 2.409 Thread 0x0000028df8a04000 2764       4       java.util.ArrayDeque::add (7 bytes)
Event: 2.410 Thread 0x0000028df8a04000 nmethod 2764 0x0000028deb81ed90 code [0x0000028deb81ef20, 0x0000028deb81f138]
Event: 2.421 Thread 0x0000028df8a04000 2765       4       java.lang.String::equalsIgnoreCase (45 bytes)

GC Heap History (6 events):
Event: 0.488 GC heap before
{Heap before GC invocations=0 (full 0):
 garbage-first heap   total 262144K, used 26624K [0x00000000e0000000, 0x0000000100000000)
  region size 1024K, 24 young (24576K), 0 survivors (0K)
 Metaspace       used 3895K, capacity 6592K, committed 6784K, reserved 262144K
  class space    used 500K, capacity 770K, committed 896K, reserved 253952K
}
Event: 0.492 GC heap after
{Heap after GC invocations=1 (full 0):
 garbage-first heap   total 262144K, used 7668K [0x00000000e0000000, 0x0000000100000000)
  region size 1024K, 3 young (3072K), 3 survivors (3072K)
 Metaspace       used 3895K, capacity 6592K, committed 6784K, reserved 262144K
  class space    used 500K, capacity 770K, committed 896K, reserved 253952K
}
Event: 1.875 GC heap before
{Heap before GC invocations=1 (full 0):
 garbage-first heap   total 262144K, used 119284K [0x00000000e0000000, 0x0000000100000000)
  region size 1024K, 114 young (116736K), 3 survivors (3072K)
 Metaspace       used 20735K, capacity 21154K, committed 21296K, reserved 272384K
  class space    used 2946K, capacity 3108K, committed 3200K, reserved 253952K
}
Event: 1.884 GC heap after
{Heap after GC invocations=2 (full 0):
 garbage-first heap   total 262144K, used 17745K [0x00000000e0000000, 0x0000000100000000)
  region size 1024K, 13 young (13312K), 13 survivors (13312K)
 Metaspace       used 20735K, capacity 21154K, committed 21296K, reserved 272384K
  class space    used 2946K, capacity 3108K, committed 3200K, reserved 253952K
}
Event: 2.164 GC heap before
{Heap before GC invocations=3 (full 0):
 garbage-first heap   total 262144K, used 48465K [0x00000000e0000000, 0x0000000100000000)
  region size 1024K, 41 young (41984K), 13 survivors (13312K)
 Metaspace       used 24350K, capacity 24937K, committed 25008K, reserved 276480K
  class space    used 3334K, capacity 3558K, committed 3584K, reserved 253952K
}
Event: 2.172 GC heap after
{Heap after GC invocations=4 (full 0):
 garbage-first heap   total 262144K, used 20191K [0x00000000e0000000, 0x0000000100000000)
  region size 1024K, 3 young (3072K), 3 survivors (3072K)
 Metaspace       used 24350K, capacity 24937K, committed 25008K, reserved 276480K
  class space    used 3334K, capacity 3558K, committed 3584K, reserved 253952K
}

Deoptimization events (20 events):
Event: 2.323 Thread 0x0000028df9cdf800 DEOPT PACKING pc=0x0000028deb78ec10 sp=0x000000a5577fa540
Event: 2.323 Thread 0x0000028df9cdf800 DEOPT UNPACKING pc=0x0000028de3c3922f sp=0x000000a5577fa4d8 mode 2
Event: 2.331 Thread 0x0000028df9cdf800 Uncommon trap: trap_request=0xffffff4d fr.pc=0x0000028deb732980 relative=0x0000000000000ae0
Event: 2.331 Thread 0x0000028df9cdf800 Uncommon trap: reason=unstable_if action=reinterpret pc=0x0000028deb732980 method=java.io.WinNTFileSystem.resolve(Ljava/lang/String;Ljava/lang/String;)Ljava/lang/String; @ 83 c2
Event: 2.331 Thread 0x0000028df9cdf800 DEOPT PACKING pc=0x0000028deb732980 sp=0x000000a5577f9970
Event: 2.331 Thread 0x0000028df9cdf800 DEOPT UNPACKING pc=0x0000028de3c3922f sp=0x000000a5577f9928 mode 2
Event: 2.332 Thread 0x0000028df9cdf800 DEOPT PACKING pc=0x0000028de423dc70 sp=0x000000a5577f56a0
Event: 2.332 Thread 0x0000028df9cdf800 DEOPT UNPACKING pc=0x0000028de3c3904e sp=0x000000a5577f4b28 mode 0
Event: 2.347 Thread 0x0000028df9cdf800 Uncommon trap: trap_request=0xffffff6e fr.pc=0x0000028deb7fd990 relative=0x00000000000007d0
Event: 2.347 Thread 0x0000028df9cdf800 Uncommon trap: reason=speculate_class_check action=maybe_recompile pc=0x0000028deb7fd990 method=java.lang.reflect.Executable.declaredAnnotations()Ljava/util/Map; @ 23 c2
Event: 2.347 Thread 0x0000028df9cdf800 DEOPT PACKING pc=0x0000028deb7fd990 sp=0x000000a5577f97b0
Event: 2.347 Thread 0x0000028df9cdf800 DEOPT UNPACKING pc=0x0000028de3c3922f sp=0x000000a5577f96f0 mode 2
Event: 2.358 Thread 0x0000028df9cdf800 Uncommon trap: trap_request=0xffffff6e fr.pc=0x0000028deb7fd990 relative=0x00000000000007d0
Event: 2.358 Thread 0x0000028df9cdf800 Uncommon trap: reason=speculate_class_check action=maybe_recompile pc=0x0000028deb7fd990 method=java.lang.reflect.Executable.declaredAnnotations()Ljava/util/Map; @ 23 c2
Event: 2.358 Thread 0x0000028df9cdf800 DEOPT PACKING pc=0x0000028deb7fd990 sp=0x000000a5577fa4f0
Event: 2.358 Thread 0x0000028df9cdf800 DEOPT UNPACKING pc=0x0000028de3c3922f sp=0x000000a5577fa430 mode 2
Event: 2.382 Thread 0x0000028df9cdf800 Uncommon trap: trap_request=0xffffff4d fr.pc=0x0000028deb7f54c8 relative=0x0000000000000188
Event: 2.382 Thread 0x0000028df9cdf800 Uncommon trap: reason=unstable_if action=reinterpret pc=0x0000028deb7f54c8 method=java.util.regex.Pattern$BmpCharProperty.match(Ljava/util/regex/Matcher;ILjava/lang/CharSequence;)Z @ 39 c2
Event: 2.382 Thread 0x0000028df9cdf800 DEOPT PACKING pc=0x0000028deb7f54c8 sp=0x000000a5577f9030
Event: 2.382 Thread 0x0000028df9cdf800 DEOPT UNPACKING pc=0x0000028de3c3922f sp=0x000000a5577f8fd0 mode 2

Classes redefined (0 events):
No events

Internal exceptions (20 events):
Event: 2.062 Thread 0x0000028df9cdf800 Exception <a 'java/lang/ClassNotFoundException'{0x00000000ef1fb3e0}: org/gradle/initialization/SettingsScriptCustomizer> (0x00000000ef1fb3e0) thrown at [c:/BuildAgent/work/5ff2f6c26000d570/src/hotspot/share/classfile/systemDictionary.cpp, line 231]
Event: 2.062 Thread 0x0000028df9cdf800 Exception <a 'java/lang/ClassNotFoundException'{0x00000000ef00bc20}: settings_7dm9kfd1anvd9jbnqeuhqwzzgCustomizer> (0x00000000ef00bc20) thrown at [c:/BuildAgent/work/5ff2f6c26000d570/src/hotspot/share/classfile/systemDictionary.cpp, line 231]
Event: 2.066 Thread 0x0000028df9cdf800 Exception <a 'java/lang/ClassNotFoundException'{0x00000000ef0868e8}: org/gradle/initialization/DefaultSettings_DecoratedBeanInfo> (0x00000000ef0868e8) thrown at [c:/BuildAgent/work/5ff2f6c26000d570/src/hotspot/share/classfile/systemDictionary.cpp, line 23
Event: 2.066 Thread 0x0000028df9cdf800 Exception <a 'java/lang/ClassNotFoundException'{0x00000000ef09f158}: org/gradle/initialization/DefaultSettingsBeanInfo> (0x00000000ef09f158) thrown at [c:/BuildAgent/work/5ff2f6c26000d570/src/hotspot/share/classfile/systemDictionary.cpp, line 231]
Event: 2.067 Thread 0x0000028df9cdf800 Exception <a 'java/lang/ClassNotFoundException'{0x00000000ef0b8b58}: org/gradle/initialization/DefaultSettingsCustomizer> (0x00000000ef0b8b58) thrown at [c:/BuildAgent/work/5ff2f6c26000d570/src/hotspot/share/classfile/systemDictionary.cpp, line 231]
Event: 2.068 Thread 0x0000028df9cdf800 Exception <a 'java/lang/ClassNotFoundException'{0x00000000ef0fdab0}: org/gradle/initialization/DefaultSettings_DecoratedCustomizer> (0x00000000ef0fdab0) thrown at [c:/BuildAgent/work/5ff2f6c26000d570/src/hotspot/share/classfile/systemDictionary.cpp, line 
Event: 2.073 Thread 0x0000028df9cdf800 Exception <a 'java/lang/ClassNotFoundException'{0x00000000eef8ea78}: org/gradle/initialization/DefaultProjectDescriptorBeanInfo> (0x00000000eef8ea78) thrown at [c:/BuildAgent/work/5ff2f6c26000d570/src/hotspot/share/classfile/systemDictionary.cpp, line 231
Event: 2.074 Thread 0x0000028df9cdf800 Exception <a 'java/lang/ClassNotFoundException'{0x00000000eefa8a10}: org/gradle/initialization/DefaultProjectDescriptorCustomizer> (0x00000000eefa8a10) thrown at [c:/BuildAgent/work/5ff2f6c26000d570/src/hotspot/share/classfile/systemDictionary.cpp, line 2
Event: 2.122 Thread 0x0000028df9cdf800 Implicit null exception at 0x0000028deb788c85 to 0x0000028deb788e62
Event: 2.162 Thread 0x0000028df9cdf800 Implicit null exception at 0x0000028deb7c7484 to 0x0000028deb7c769e
Event: 2.162 Thread 0x0000028df9cdf800 Implicit null exception at 0x0000028deb70d708 to 0x0000028deb70d79a
Event: 2.219 Thread 0x0000028df9cdf800 Exception <a 'java/lang/ClassNotFoundException'{0x00000000efb2d440}: org/gradle/internal/metaobject/ConfigureDelegateBeanInfo> (0x00000000efb2d440) thrown at [c:/BuildAgent/work/5ff2f6c26000d570/src/hotspot/share/classfile/systemDictionary.cpp, line 231]
Event: 2.220 Thread 0x0000028df9cdf800 Exception <a 'java/lang/ClassNotFoundException'{0x00000000efb3d6f8}: org/gradle/internal/metaobject/ConfigureDelegateCustomizer> (0x00000000efb3d6f8) thrown at [c:/BuildAgent/work/5ff2f6c26000d570/src/hotspot/share/classfile/systemDictionary.cpp, line 231
Event: 2.227 Thread 0x0000028df9cdf800 Exception <a 'java/lang/ClassNotFoundException'{0x00000000efa0cc98}: org/gradle/api/internal/project/DefaultProject_DecoratedBeanInfo> (0x00000000efa0cc98) thrown at [c:/BuildAgent/work/5ff2f6c26000d570/src/hotspot/share/classfile/systemDictionary.cpp, li
Event: 2.227 Thread 0x0000028df9cdf800 Exception <a 'java/lang/ClassNotFoundException'{0x00000000efa1dc98}: org/gradle/api/internal/project/DefaultProjectBeanInfo> (0x00000000efa1dc98) thrown at [c:/BuildAgent/work/5ff2f6c26000d570/src/hotspot/share/classfile/systemDictionary.cpp, line 231]
Event: 2.227 Thread 0x0000028df9cdf800 Exception <a 'java/lang/ClassNotFoundException'{0x00000000efa2ec60}: org/gradle/api/internal/project/DefaultProjectCustomizer> (0x00000000efa2ec60) thrown at [c:/BuildAgent/work/5ff2f6c26000d570/src/hotspot/share/classfile/systemDictionary.cpp, line 231]
Event: 2.231 Thread 0x0000028df9cdf800 Exception <a 'java/lang/ClassNotFoundException'{0x00000000efac8028}: org/gradle/api/internal/project/DefaultProject_DecoratedCustomizer> (0x00000000efac8028) thrown at [c:/BuildAgent/work/5ff2f6c26000d570/src/hotspot/share/classfile/systemDictionary.cpp, 
Event: 2.240 Thread 0x0000028df9cdf800 Exception <a 'java/lang/ClassNotFoundException'{0x00000000ef9d6f58}: org/gradle/configuration/internal/DefaultListenerBuildOperationDecorator$BuildOperationEmittingClosureBeanInfo> (0x00000000ef9d6f58) thrown at [c:/BuildAgent/work/5ff2f6c26000d570/src/ho
Event: 2.240 Thread 0x0000028df9cdf800 Exception <a 'java/lang/ClassNotFoundException'{0x00000000ef9ec9e8}: org/gradle/configuration/internal/DefaultListenerBuildOperationDecorator$BuildOperationEmittingClosureCustomizer> (0x00000000ef9ec9e8) thrown at [c:/BuildAgent/work/5ff2f6c26000d570/src/
Event: 2.294 Thread 0x0000028df9cdf800 Exception <a 'java/lang/NoSuchMethodError'{0x00000000ef2b2ce0}: 'java.lang.Object java.lang.invoke.DirectMethodHandle$Holder.invokeInterface(java.lang.Object, java.lang.Object, java.lang.Object)'> (0x00000000ef2b2ce0) thrown at [c:/BuildAgent/work/5ff2f6c

Events (20 events):
Event: 2.421 loading class org/gradle/internal/resolve/caching/ComponentMetadataSupplierRuleExecutor$1 done
Event: 2.421 loading class org/gradle/internal/resolve/caching/ComponentMetadataSupplierRuleExecutor$2
Event: 2.421 loading class org/gradle/internal/resolve/caching/ComponentMetadataSupplierRuleExecutor$2 done
Event: 2.421 loading class org/gradle/api/artifacts/ResolvedModuleVersion
Event: 2.421 loading class org/gradle/api/artifacts/ResolvedModuleVersion done
Event: 2.422 loading class org/gradle/internal/resolve/caching/CrossBuildCachingRuleExecutor$CacheEntrySerializer
Event: 2.422 loading class org/gradle/internal/resolve/caching/CrossBuildCachingRuleExecutor$CacheEntrySerializer done
Event: 2.422 loading class org/gradle/internal/resolve/caching/CrossBuildCachingRuleExecutor$AnySerializer
Event: 2.422 loading class org/gradle/internal/resolve/caching/CrossBuildCachingRuleExecutor$AnySerializer done
Event: 2.423 Thread 0x0000028df8bcf800 Thread added: 0x0000028df8bcf800
Event: 2.425 loading class org/gradle/api/internal/artifacts/ivyservice/resolveengine/DefaultArtifactDependencyResolver
Event: 2.425 loading class org/gradle/api/internal/artifacts/ivyservice/resolveengine/DefaultArtifactDependencyResolver done
Event: 2.426 loading class org/gradle/internal/resolve/resolver/ArtifactSelector
Event: 2.426 loading class org/gradle/internal/resolve/resolver/ArtifactSelector done
Event: 2.426 loading class org/gradle/api/internal/artifacts/ivyservice/resolveengine/graph/DependencyGraphVisitor
Event: 2.426 loading class org/gradle/api/internal/artifacts/ivyservice/resolveengine/graph/DependencyGraphVisitor done
Event: 2.426 loading class org/gradle/api/internal/artifacts/ivyservice/dependencysubstitution/DependencySubstitutionApplicator
Event: 2.426 loading class org/gradle/api/internal/artifacts/ivyservice/dependencysubstitution/DependencySubstitutionApplicator done
Event: 2.426 loading class org/gradle/internal/resolve/resolver/ResolveContextToComponentResolver
Event: 2.426 loading class org/gradle/internal/resolve/resolver/ResolveContextToComponentResolver done


Dynamic libraries:
0x00007ff66c000000 - 0x00007ff66c00a000 	C:\Program Files\JetBrains\IntelliJ IDEA Community Edition 2019.3.4\jbr\bin\java.exe
0x00007fffdb790000 - 0x00007fffdb986000 	C:\WINDOWS\SYSTEM32\ntdll.dll
0x00007fffda740000 - 0x00007fffda7fd000 	C:\WINDOWS\System32\KERNEL32.DLL
0x00007fffd93c0000 - 0x00007fffd9689000 	C:\WINDOWS\System32\KERNELBASE.dll
0x00007fffd9070000 - 0x00007fffd9170000 	C:\WINDOWS\System32\ucrtbase.dll
0x00007fffd5560000 - 0x00007fffd5579000 	C:\Program Files\JetBrains\IntelliJ IDEA Community Edition 2019.3.4\jbr\bin\jli.dll
0x00007fffd5580000 - 0x00007fffd5597000 	C:\Program Files\JetBrains\IntelliJ IDEA Community Edition 2019.3.4\jbr\bin\VCRUNTIME140.dll
0x00007fffda4c0000 - 0x00007fffda660000 	C:\WINDOWS\System32\USER32.dll
0x00007fffd8f30000 - 0x00007fffd8f52000 	C:\WINDOWS\System32\win32u.dll
0x00007fffcbd10000 - 0x00007fffcbfab000 	C:\WINDOWS\WinSxS\amd64_microsoft.windows.common-controls_6595b64144ccf1df_6.0.19041.488_none_ca04af081b815d21\COMCTL32.dll
0x00007fffdaed0000 - 0x00007fffdaefa000 	C:\WINDOWS\System32\GDI32.dll
0x00007fffda300000 - 0x00007fffda39e000 	C:\WINDOWS\System32\msvcrt.dll
0x00007fffd8f60000 - 0x00007fffd9069000 	C:\WINDOWS\System32\gdi32full.dll
0x00007fffd9320000 - 0x00007fffd93bd000 	C:\WINDOWS\System32\msvcp_win.dll
0x00007fffd9900000 - 0x00007fffd9930000 	C:\WINDOWS\System32\IMM32.DLL
0x00007fffc8690000 - 0x00007fffc872d000 	C:\Program Files\JetBrains\IntelliJ IDEA Community Edition 2019.3.4\jbr\bin\msvcp140.dll
0x00007fff93410000 - 0x00007fff93ecd000 	C:\Program Files\JetBrains\IntelliJ IDEA Community Edition 2019.3.4\jbr\bin\server\jvm.dll
0x00007fffda090000 - 0x00007fffda13c000 	C:\WINDOWS\System32\ADVAPI32.dll
0x00007fffdb6b0000 - 0x00007fffdb74c000 	C:\WINDOWS\System32\sechost.dll
0x00007fffdac70000 - 0x00007fffdad9b000 	C:\WINDOWS\System32\RPCRT4.dll
0x00007fffda660000 - 0x00007fffda668000 	C:\WINDOWS\System32\PSAPI.DLL
0x00007fffd1a20000 - 0x00007fffd1a29000 	C:\WINDOWS\SYSTEM32\WSOCK32.dll
0x00007fffcb260000 - 0x00007fffcb287000 	C:\WINDOWS\SYSTEM32\WINMM.dll
0x00007fffcfe80000 - 0x00007fffcfe8a000 	C:\WINDOWS\SYSTEM32\VERSION.dll
0x00007fffd9fc0000 - 0x00007fffda02b000 	C:\WINDOWS\System32\WS2_32.dll
0x00007fffd6d60000 - 0x00007fffd6d72000 	C:\WINDOWS\SYSTEM32\kernel.appcore.dll
0x00007fffc8600000 - 0x00007fffc8611000 	C:\Program Files\JetBrains\IntelliJ IDEA Community Edition 2019.3.4\jbr\bin\verify.dll
0x00007fffc95f0000 - 0x00007fffc97d4000 	C:\WINDOWS\SYSTEM32\DBGHELP.DLL
0x00007fffc93d0000 - 0x00007fffc93fc000 	C:\WINDOWS\SYSTEM32\dbgcore.DLL
0x00007fffd9740000 - 0x00007fffd97c0000 	C:\WINDOWS\System32\bcryptPrimitives.dll
0x00007fffc8410000 - 0x00007fffc8439000 	C:\Program Files\JetBrains\IntelliJ IDEA Community Edition 2019.3.4\jbr\bin\java.dll
0x00007fffc85e0000 - 0x00007fffc85f8000 	C:\Program Files\JetBrains\IntelliJ IDEA Community Edition 2019.3.4\jbr\bin\zip.dll
0x00007fffd1a10000 - 0x00007fffd1a1b000 	C:\Program Files\JetBrains\IntelliJ IDEA Community Edition 2019.3.4\jbr\bin\jimage.dll
0x00007fffdaf00000 - 0x00007fffdb642000 	C:\WINDOWS\System32\SHELL32.dll
0x00007fffd7040000 - 0x00007fffd77d5000 	C:\WINDOWS\SYSTEM32\windows.storage.dll
0x00007fffd9930000 - 0x00007fffd9c86000 	C:\WINDOWS\System32\combase.dll
0x00007fffd8940000 - 0x00007fffd896c000 	C:\WINDOWS\SYSTEM32\Wldp.dll
0x00007fffd9e20000 - 0x00007fffd9ece000 	C:\WINDOWS\System32\SHCORE.dll
0x00007fffdb650000 - 0x00007fffdb6a5000 	C:\WINDOWS\System32\shlwapi.dll
0x00007fffd8e00000 - 0x00007fffd8e26000 	C:\WINDOWS\SYSTEM32\profapi.dll
0x00007fffc8070000 - 0x00007fffc808a000 	C:\Program Files\JetBrains\IntelliJ IDEA Community Edition 2019.3.4\jbr\bin\net.dll
0x00007fffd2140000 - 0x00007fffd2240000 	C:\WINDOWS\SYSTEM32\WINHTTP.dll
0x00007fffd86c0000 - 0x00007fffd872a000 	C:\WINDOWS\system32\mswsock.dll
0x00007fffc8050000 - 0x00007fffc8064000 	C:\Program Files\JetBrains\IntelliJ IDEA Community Edition 2019.3.4\jbr\bin\nio.dll
0x00007fffc7780000 - 0x00007fffc77a6000 	C:\Users\eve-2\.gradle\native\28\windows-amd64\native-platform.dll
0x00007fffd5540000 - 0x00007fffd554a000 	C:\Program Files\JetBrains\IntelliJ IDEA Community Edition 2019.3.4\jbr\bin\management.dll
0x00007fffcf540000 - 0x00007fffcf54c000 	C:\Program Files\JetBrains\IntelliJ IDEA Community Edition 2019.3.4\jbr\bin\management_ext.dll
0x00007fffd8890000 - 0x00007fffd88a8000 	C:\WINDOWS\SYSTEM32\CRYPTSP.dll
0x00007fffd7fe0000 - 0x00007fffd8014000 	C:\WINDOWS\system32\rsaenh.dll
0x00007fffd97c0000 - 0x00007fffd97e7000 	C:\WINDOWS\System32\bcrypt.dll
0x00007fffd8dc0000 - 0x00007fffd8dee000 	C:\WINDOWS\SYSTEM32\USERENV.dll
0x00007fffd88b0000 - 0x00007fffd88bc000 	C:\WINDOWS\SYSTEM32\CRYPTBASE.dll
0x00007fffd8360000 - 0x00007fffd839b000 	C:\WINDOWS\SYSTEM32\IPHLPAPI.DLL
0x00007fffda140000 - 0x00007fffda148000 	C:\WINDOWS\System32\NSI.dll
0x00007fffd2c80000 - 0x00007fffd2c97000 	C:\WINDOWS\SYSTEM32\dhcpcsvc6.DLL
0x00007fffd2b40000 - 0x00007fffd2b5d000 	C:\WINDOWS\SYSTEM32\dhcpcsvc.DLL
0x00007fffd83a0000 - 0x00007fffd846b000 	C:\WINDOWS\SYSTEM32\DNSAPI.dll

dbghelp: loaded successfully - version: 4.0.5 - missing functions: none
symbol engine: initialized successfully - sym options: 0x614 - pdb path: .;C:\Program Files\JetBrains\IntelliJ IDEA Community Edition 2019.3.4\jbr\bin;C:\WINDOWS\SYSTEM32;C:\WINDOWS\WinSxS\amd64_microsoft.windows.common-controls_6595b64144ccf1df_6.0.19041.488_none_ca04af081b815d21;C:\Program Files\JetBrains\IntelliJ IDEA Community Edition 2019.3.4\jbr\bin\server;C:\Users\eve-2\.gradle\native\28\windows-amd64

VM Arguments:
jvm_args: --add-opens=java.base/java.util=ALL-UNNAMED --add-opens=java.base/java.lang=ALL-UNNAMED --add-opens=java.base/java.lang.invoke=ALL-UNNAMED --add-opens=java.prefs/java.util.prefs=ALL-UNNAMED -XX:MaxMetaspaceSize=256m -XX:+HeapDumpOnOutOfMemoryError -Xmx512m -Dfile.encoding=windows-1251 -Duser.country=RU -Duser.language=ru -Duser.variant 
java_command: org.gradle.launcher.daemon.bootstrap.GradleDaemon 5.2.1
java_class_path (initial): C:\Users\eve-2\.gradle\wrapper\dists\gradle-5.2.1-bin\9lc4nzslqh3ep7ml2tp68fk8s\gradle-5.2.1\lib\gradle-launcher-5.2.1.jar
Launcher Type: SUN_STANDARD

[Global flags]
     intx CICompilerCount                          = 4                                         {product} {ergonomic}
   size_t CompressedClassSpaceSize                 = 260046848                                 {product} {ergonomic}
     uint ConcGCThreads                            = 3                                         {product} {ergonomic}
     uint G1ConcRefinementThreads                  = 10                                        {product} {ergonomic}
   size_t G1HeapRegionSize                         = 1048576                                   {product} {ergonomic}
    uintx GCDrainStackTargetSize                   = 64                                        {product} {ergonomic}
     bool HeapDumpOnOutOfMemoryError               = true                                   {manageable} {command line}
   size_t InitialHeapSize                          = 268435456                                 {product} {ergonomic}
   size_t MarkStackSize                            = 4194304                                   {product} {ergonomic}
   size_t MaxHeapSize                              = 536870912                                 {product} {command line}
   size_t MaxMetaspaceSize                         = 268435456                                 {product} {command line}
   size_t MaxNewSize                               = 321912832                                 {product} {ergonomic}
   size_t MinHeapDeltaBytes                        = 1048576                                   {product} {ergonomic}
    uintx NonNMethodCodeHeapSize                   = 5836300                                {pd product} {ergonomic}
    uintx NonProfiledCodeHeapSize                  = 122910970                              {pd product} {ergonomic}
    uintx ProfiledCodeHeapSize                     = 122910970                              {pd product} {ergonomic}
    uintx ReservedCodeCacheSize                    = 251658240                              {pd product} {ergonomic}
     bool SegmentedCodeCache                       = true                                      {product} {ergonomic}
     bool UseCompressedClassPointers               = true                                 {lp64_product} {ergonomic}
     bool UseCompressedOops                        = true                                 {lp64_product} {ergonomic}
     bool UseG1GC                                  = true                                      {product} {ergonomic}
     bool UseLargePagesIndividualAllocation        = false                                  {pd product} {ergonomic}

Logging:
Log output configuration:
 #0: stdout all=warning uptime,level,tags
 #1: stderr all=off uptime,level,tags

Environment Variables:
PATH=C:\Program Files (x86)\PC Connectivity Solution\;C:\Windows\system32;C:\Windows;C:\Windows\System32\Wbem;C:\Windows\System32\WindowsPowerShell\v1.0\;C:\Windows\System32\OpenSSH\;C:\Program Files\Microsoft SQL Server\110\Tools\Binn\;C:\Program Files\Microsoft SQL Server\120\Tools\Binn\;C:\Program Files\Microsoft SQL Server\Client SDK\ODBC\110\Tools\Binn\;C:\Program Files (x86)\Microsoft SQL Server\120\Tools\Binn\;C:\Program Files\Microsoft SQL Server\120\DTS\Binn\;C:\Program Files (x86)\Windows Kits\8.1\Windows Performance Toolkit\;D:\Программы\bin\i386-Win32;C:\Program Files (x86)\NVIDIA Corporation\PhysX\Common;C:\Program Files\NVIDIA Corporation\NVIDIA NvDLISR;C:\Program Files\Common Files\Autodesk Shared\;C:\Program Files (x86)\Autodesk\Backburner\;C:\WINDOWS\system32;C:\WINDOWS;C:\WINDOWS\System32\Wbem;C:\WINDOWS\System32\WindowsPowerShell\v1.0\;C:\WINDOWS\System32\OpenSSH\;C:\Program Files\Java\jdk1.8.0_181\bin;D:\Программы\IntelliJ IDEA Community Edition 2019.3.4\bin;;F:\PrigramsFotUniversity\Microsoft VS Code\bin;C:\Users\eve-2\AppData\Local\Microsoft\WindowsApps;
USERNAME=eve-2
OS=Windows_NT
PROCESSOR_IDENTIFIER=AMD64 Family 23 Model 8 Stepping 2, AuthenticAMD



---------------  S Y S T E M  ---------------

OS: Windows 10 , 64 bit Build 19041 (10.0.19041.662)

CPU:total 12 (initial active 12) (12 cores per cpu, 2 threads per core) family 23 model 8 stepping 2, cmov, cx8, fxsr, mmx, sse, sse2, sse3, ssse3, sse4.1, sse4.2, popcnt, avx, avx2, aes, clmul, mmxext, 3dnowpref, lzcnt, sse4a, ht, tsc, tscinvbit, tscinv, bmi1, bmi2, adx, sha, fma

Memory: 4k page, system-wide physical 16330M (3043M free)
TotalPageFile size 24522M (AvailPageFile size 5M)
current process WorkingSet (physical memory assigned to process): 282M, peak: 282M
current process commit charge ("private bytes"): 434M, peak: 435M

vm_info: OpenJDK 64-Bit Server VM (11.0.6+8-b520.43) for windows-amd64 JRE (11.0.6+8-b520.43), built on Feb  3 2020 14:18:56 by "" with MS VC++ 14.0 (VS2015)

END.
